<?xml version="1.0" encoding="UTF-8"?>
<!-- Generated by org.testng.reporters.JUnitXMLReporter -->
<testsuite hostname="ussr-Latitude-E5440" ignored="0" name="Apps Page Test" tests="3" failures="0" timestamp="31 Jul 2018 16:53:21 GMT" time="110.895" errors="0">
  <testcase name="@AfterTest tearDownTest" time="0.48" classname="com.online5.tests.TestBase">
    <failure type="java.lang.NoClassDefFoundError" message="org/bson/types/ObjectId">
      <![CDATA[java.lang.NoClassDefFoundError: org/bson/types/ObjectId
at java.lang.Class.getDeclaredMethods0(Native Method)
at java.lang.Class.privateGetDeclaredMethods(Class.java:2701)
at java.lang.Class.privateGetPublicMethods(Class.java:2902)
at java.lang.Class.getMethods(Class.java:1615)
at freemarker.ext.beans.ClassIntrospector.discoverAccessibleMethods(ClassIntrospector.java:464)
at freemarker.ext.beans.ClassIntrospector.discoverAccessibleMethods(ClassIntrospector.java:457)
at freemarker.ext.beans.ClassIntrospector.createClassIntrospectionData(ClassIntrospector.java:268)
at freemarker.ext.beans.ClassIntrospector.get(ClassIntrospector.java:244)
at freemarker.ext.beans.BeanModel.<init>(BeanModel.java:114)
at freemarker.ext.beans.BeanModel.<init>(BeanModel.java:104)
at freemarker.ext.beans.StringModel.<init>(StringModel.java:52)
at freemarker.ext.beans.StringModel$1.create(StringModel.java:37)
at freemarker.ext.beans.BeansModelCache.create(BeansModelCache.java:71)
at freemarker.ext.util.ModelCache.getInstance(ModelCache.java:84)
at freemarker.ext.beans.BeansWrapper.wrap(BeansWrapper.java:860)
at freemarker.template.DefaultObjectWrapper.handleUnknownType(DefaultObjectWrapper.java:235)
at freemarker.template.DefaultObjectWrapper.wrap(DefaultObjectWrapper.java:214)
at freemarker.template.WrappingTemplateModel.wrap(WrappingTemplateModel.java:105)
at freemarker.template.DefaultListAdapter.get(DefaultListAdapter.java:75)
at freemarker.core.DynamicKeyName.dealWithNumericalKey(DynamicKeyName.java:104)
at freemarker.core.DynamicKeyName._eval(DynamicKeyName.java:69)
at freemarker.core.Expression.eval(Expression.java:78)
at freemarker.core.Assignment.accept(Assignment.java:131)
at freemarker.core.Environment.visit(Environment.java:324)
at freemarker.core.MixedContent.accept(MixedContent.java:54)
at freemarker.core.Environment.visitByHiddingParent(Environment.java:345)
at freemarker.core.ConditionalBlock.accept(ConditionalBlock.java:48)
at freemarker.core.Environment.visit(Environment.java:324)
at freemarker.core.MixedContent.accept(MixedContent.java:54)
at freemarker.core.Environment.visit(Environment.java:324)
at freemarker.core.Environment.process(Environment.java:302)
at freemarker.template.Template.process(Template.java:325)
at com.aventstack.extentreports.reporter.ExtentHtmlReporter.flush(ExtentHtmlReporter.java:142)
at java.util.ArrayList.forEach(ArrayList.java:1257)
at com.aventstack.extentreports.Report.notifyReporters(Report.java:263)
at com.aventstack.extentreports.Report.flush(Report.java:185)
at com.aventstack.extentreports.ExtentReports.flush(ExtentReports.java:281)
at com.online5.tests.TestBase.tearDownTest(TestBase.java:84)
at sun.reflect.NativeMethodAccessorImpl.invoke0(Native Method)
at sun.reflect.NativeMethodAccessorImpl.invoke(NativeMethodAccessorImpl.java:62)
at sun.reflect.DelegatingMethodAccessorImpl.invoke(DelegatingMethodAccessorImpl.java:43)
at java.lang.reflect.Method.invoke(Method.java:498)
at org.testng.internal.MethodInvocationHelper.invokeMethod(MethodInvocationHelper.java:124)
at org.testng.internal.MethodInvocationHelper.invokeMethodConsideringTimeout(MethodInvocationHelper.java:59)
at org.testng.internal.Invoker.invokeConfigurationMethod(Invoker.java:458)
at org.testng.internal.Invoker.invokeConfigurations(Invoker.java:222)
at org.testng.internal.Invoker.invokeConfigurations(Invoker.java:142)
at org.testng.TestRunner.afterRun(TestRunner.java:725)
at org.testng.TestRunner.run(TestRunner.java:509)
at org.testng.SuiteRunner.runTest(SuiteRunner.java:455)
at org.testng.SuiteRunner.runSequentially(SuiteRunner.java:450)
at org.testng.SuiteRunner.privateRun(SuiteRunner.java:415)
at org.testng.SuiteRunner.run(SuiteRunner.java:364)
at org.testng.SuiteRunnerWorker.runSuite(SuiteRunnerWorker.java:52)
at org.testng.SuiteRunnerWorker.run(SuiteRunnerWorker.java:84)
at org.testng.TestNG.runSuitesSequentially(TestNG.java:1208)
at org.testng.TestNG.runSuitesLocally(TestNG.java:1137)
at org.testng.TestNG.runSuites(TestNG.java:1049)
at org.testng.TestNG.run(TestNG.java:1017)
at org.testng.remote.AbstractRemoteTestNG.run(AbstractRemoteTestNG.java:114)
at org.testng.remote.RemoteTestNG.initAndRun(RemoteTestNG.java:251)
at org.testng.remote.RemoteTestNG.main(RemoteTestNG.java:77)
Caused by: java.lang.ClassNotFoundException: org.bson.types.ObjectId
at java.net.URLClassLoader.findClass(URLClassLoader.java:381)
at java.lang.ClassLoader.loadClass(ClassLoader.java:424)
at sun.misc.Launcher$AppClassLoader.loadClass(Launcher.java:349)
at java.lang.ClassLoader.loadClass(ClassLoader.java:357)
... 62 more
]]>
    </failure>
  </testcase> <!-- @AfterTest tearDownTest -->
  <testcase name="SPA_1072_searchAnAppName" time="34.234" classname="com.online5.tests.apps.AppTests"/>
  <testcase name="SPA_1073_searchAnAppNameNegative" time="14.047" classname="com.online5.tests.apps.AppTests"/>
  <testcase name="SPA_1086_selectAnApp" time="37.948" classname="com.online5.tests.apps.AppTests"/>
</testsuite> <!-- Apps Page Test -->
